<?xml version="1.0" encoding="UTF-8" standalone="yes"?>
<scrape-session>
    <base-url>www.failure-scrape-test.com</base-url>
    <date>10/01/2008</date>
    <time>13:50:00</time>
    <datapairs>
        <datapair id="001">
            <text>Account no</text>
            <value>53844946068883</value>
        </datapair>
    </datapairs>
</scrape-session>